<?xml version="1.0" encoding="UTF-8"?>
<testsuite xmlns:xsi="http://www.w3.org/2001/XMLSchema-instance" xsi:noNamespaceSchemaLocation="https://maven.apache.org/surefire/maven-surefire-plugin/xsd/surefire-test-report-3.0.xsd" version="3.0" name="edu.escuelaing.arem.ASE.app.AppTest" time="0.539" tests="5" errors="0" skipped="0" failures="0">
  <properties>
[...]
</properties>
  <testcase name="testApiConnection" classname="edu.escuelaing.arem.ASE.app.AppTest" time="0.31">
    <system-out><![CDATA[GET Response Code: 200
{"Title":"Ted","Year":"2012","Rated":"R","Released":"29 Jun 2012","Runtime":"106 min","Genre":"Comedy","Director":"Seth MacFarlane","Writer":"Seth MacFarlane, Alec Sulkin, Wellesley Wild","Actors":"Mark Wahlberg, Mila Kunis, Seth MacFarlane","Plot":"John Bennett, a man whose childhood wish of bringing his teddy bear to life came true, now must decide between keeping the relationship with the bear, Ted or his girlfriend, Lori.","Language":"English, Japanese, Ukrainian","Country":"United States","Awards":"Nominated for 1 Oscar. 13 wins & 28 nominations total","Poster":"https://m.media-amazon.com/images/M/MV5BMTQ1OTU0ODcxMV5BMl5BanBnXkFtZTcwOTMxNTUwOA@@._V1_SX300.jpg","Ratings":[{"Source":"Internet Movie Database","Value":"6.9/10"},{"Source":"Rotten Tomatoes","Value":"69%"},{"Source":"Metacritic","Value":"62/100"}],"Metascore":"62","imdbRating":"6.9","imdbVotes":"651,110","imdbID":"tt1637725","Type":"movie","DVD":"21 Jul 2015","BoxOffice":"$218,815,487","Production":"N/A","Website":"N/A","Response":"True"}
]]></system-out>
  </testcase>
  <testcase name="testBuildHtmlFromJson" classname="edu.escuelaing.arem.ASE.app.AppTest" time="0.064"/>
  <testcase name="testCache" classname="edu.escuelaing.arem.ASE.app.AppTest" time="0.104">
    <system-out><![CDATA[GET Response Code: 200
{"Title":"Titanic","Year":"1997","Rated":"PG-13","Released":"19 Dec 1997","Runtime":"194 min","Genre":"Drama, Romance","Director":"James Cameron","Writer":"James Cameron","Actors":"Leonardo DiCaprio, Kate Winslet, Billy Zane","Plot":"A seventeen-year-old aristocrat falls in love with a kind but poor artist aboard the luxurious, ill-fated R.M.S. Titanic.","Language":"English, Swedish, Italian, French","Country":"United States, Mexico","Awards":"Won 11 Oscars. 126 wins & 83 nominations total","Poster":"https://m.media-amazon.com/images/M/MV5BMDdmZGU3NDQtY2E5My00ZTliLWIzOTUtMTY4ZGI1YjdiNjk3XkEyXkFqcGdeQXVyNTA4NzY1MzY@._V1_SX300.jpg","Ratings":[{"Source":"Internet Movie Database","Value":"7.9/10"},{"Source":"Rotten Tomatoes","Value":"88%"},{"Source":"Metacritic","Value":"75/100"}],"Metascore":"75","imdbRating":"7.9","imdbVotes":"1,267,049","imdbID":"tt0120338","Type":"movie","DVD":"01 Jun 2014","BoxOffice":"$674,292,608","Production":"N/A","Website":"N/A","Response":"True"}
]]></system-out>
  </testcase>
  <testcase name="testBuildHtmlFromJson2" classname="edu.escuelaing.arem.ASE.app.AppTest" time="0"/>
  <testcase name="testBuildHtmlFromJson3" classname="edu.escuelaing.arem.ASE.app.AppTest" time="0"/>
</testsuite>